[2023-06-01 02:00:38,476: INFO/MainProcess] Connected to amqp://guest:**@127.0.0.1:5672//
[2023-06-01 02:00:38,482: INFO/MainProcess] mingle: searching for neighbors
[2023-06-01 02:00:39,691: INFO/MainProcess] mingle: all alone
[2023-06-01 02:00:39,716: INFO/MainProcess] celery@Thunder-Drive ready.
[2023-06-01 02:01:22,867: INFO/MainProcess] Task flaskr.tasks.work_PPP_gen[265f95fb-e38f-4b2f-8d87-03e8a1971ede] received
[2023-06-01 02:01:22,877: INFO/ForkPoolWorker-7] Fetching the PPP data from World Bank API: Started
[2023-06-01 02:01:22,877: INFO/ForkPoolWorker-7] Started Requesting the data from World Bank API Endpoint
[2023-06-01 02:01:25,686: INFO/ForkPoolWorker-7] Data fetched successfully from World Bank API
[2023-06-01 02:01:25,712: INFO/ForkPoolWorker-7] Data parsed and filtered into a DataFrame
[2023-06-01 02:01:25,719: DEBUG/ForkPoolWorker-7] Top 10 data from the fetched PPP data = 
 index             Country  Date      Value
   197         Afghanistan  2021  18.456537
   201             Albania  2021  42.501873
   205             Algeria  2021  41.100028
   217              Angola  2021 204.060575
   221 Antigua and Barbuda  2021   2.028070
   225           Argentina  2021  42.720786
   229             Armenia  2021 160.460639
   233               Aruba  2021   1.230079
   236           Australia  2022   1.446332
   240             Austria  2022   0.718930
[2023-06-01 02:01:25,719: INFO/ForkPoolWorker-7] PPP data fetched, parsed and saved in data directory
[2023-06-01 02:01:25,720: INFO/ForkPoolWorker-7] Task flaskr.tasks.work_PPP_gen[265f95fb-e38f-4b2f-8d87-03e8a1971ede] succeeded in 2.851249168998038s: None
[2023-06-01 02:56:29,491: INFO/MainProcess] Connected to amqp://guest:**@127.0.0.1:5672//
[2023-06-01 02:56:29,498: INFO/MainProcess] mingle: searching for neighbors
[2023-06-01 02:56:30,717: INFO/MainProcess] mingle: all alone
[2023-06-01 02:56:30,731: INFO/MainProcess] celery@Thunder-Drive ready.
[2023-06-01 02:58:55,606: INFO/MainProcess] Connected to amqp://guest:**@127.0.0.1:5672//
[2023-06-01 02:58:55,611: INFO/MainProcess] mingle: searching for neighbors
[2023-06-01 02:58:56,827: INFO/MainProcess] mingle: all alone
[2023-06-01 02:58:56,866: INFO/MainProcess] celery@Thunder-Drive ready.
[2023-06-01 02:59:45,218: INFO/MainProcess] Task flaskr.tasks.work_PPP_gen[5034eada-e381-4858-bf9c-6c145878288b] received
[2023-06-01 02:59:45,227: INFO/ForkPoolWorker-6] Fetching the PPP data from World Bank API: Started
[2023-06-01 02:59:45,227: INFO/ForkPoolWorker-6] Started Requesting the data from World Bank API Endpoint
[2023-06-01 03:00:53,692: ERROR/MainProcess] Process 'ForkPoolWorker-8' pid:160926 exited with 'signal 15 (SIGTERM)'
[2023-06-01 03:00:53,703: ERROR/MainProcess] Process 'ForkPoolWorker-7' pid:160925 exited with 'signal 15 (SIGTERM)'
[2023-06-01 03:00:53,713: ERROR/MainProcess] Process 'ForkPoolWorker-6' pid:160924 exited with 'signal 15 (SIGTERM)'
[2023-06-01 03:00:53,724: ERROR/MainProcess] Process 'ForkPoolWorker-5' pid:160923 exited with 'signal 15 (SIGTERM)'
[2023-06-01 03:00:53,735: ERROR/MainProcess] Process 'ForkPoolWorker-4' pid:160922 exited with 'signal 15 (SIGTERM)'
[2023-06-01 03:00:53,745: ERROR/MainProcess] Process 'ForkPoolWorker-3' pid:160921 exited with 'signal 15 (SIGTERM)'
[2023-06-01 03:00:53,756: ERROR/MainProcess] Process 'ForkPoolWorker-2' pid:160920 exited with 'signal 15 (SIGTERM)'
[2023-06-01 03:00:53,767: ERROR/MainProcess] Process 'ForkPoolWorker-1' pid:160919 exited with 'signal 15 (SIGTERM)'
[2023-06-01 03:00:53,889: ERROR/MainProcess] Task handler raised error: WorkerLostError('Worker exited prematurely: signal 15 (SIGTERM) Job: 0.')
Traceback (most recent call last):
  File "/home/vibhav/Desktop/Projects/WageScale/venv/lib/python3.8/site-packages/celery/worker/worker.py", line 203, in start
    self.blueprint.start(self)
  File "/home/vibhav/Desktop/Projects/WageScale/venv/lib/python3.8/site-packages/celery/bootsteps.py", line 116, in start
    step.start(parent)
  File "/home/vibhav/Desktop/Projects/WageScale/venv/lib/python3.8/site-packages/celery/bootsteps.py", line 365, in start
    return self.obj.start()
  File "/home/vibhav/Desktop/Projects/WageScale/venv/lib/python3.8/site-packages/celery/worker/consumer/consumer.py", line 332, in start
    blueprint.start(self)
  File "/home/vibhav/Desktop/Projects/WageScale/venv/lib/python3.8/site-packages/celery/bootsteps.py", line 116, in start
    step.start(parent)
  File "/home/vibhav/Desktop/Projects/WageScale/venv/lib/python3.8/site-packages/celery/worker/consumer/consumer.py", line 628, in start
    c.loop(*c.loop_args())
  File "/home/vibhav/Desktop/Projects/WageScale/venv/lib/python3.8/site-packages/celery/worker/loops.py", line 97, in asynloop
    next(loop)
  File "/home/vibhav/Desktop/Projects/WageScale/venv/lib/python3.8/site-packages/kombu/asynchronous/hub.py", line 306, in create_loop
    events = poll(poll_timeout)
  File "/home/vibhav/Desktop/Projects/WageScale/venv/lib/python3.8/site-packages/kombu/utils/eventio.py", line 81, in poll
    return self._epoll.poll(timeout if timeout is not None else -1)
  File "/home/vibhav/Desktop/Projects/WageScale/venv/lib/python3.8/site-packages/celery/apps/worker.py", line 299, in _handle_request
    raise exc(exitcode)
celery.exceptions.WorkerShutdown: 0

During handling of the above exception, another exception occurred:

Traceback (most recent call last):
  File "/home/vibhav/Desktop/Projects/WageScale/venv/lib/python3.8/site-packages/billiard/pool.py", line 1265, in mark_as_worker_lost
    raise WorkerLostError(
billiard.exceptions.WorkerLostError: Worker exited prematurely: signal 15 (SIGTERM) Job: 0.
[2023-06-01 03:02:18,726: INFO/MainProcess] Connected to amqp://guest:**@127.0.0.1:5672//
[2023-06-01 03:02:18,730: INFO/MainProcess] mingle: searching for neighbors
[2023-06-01 03:02:19,971: INFO/MainProcess] mingle: all alone
[2023-06-01 03:02:19,999: INFO/MainProcess] celery@Thunder-Drive ready.
[2023-06-01 03:03:14,313: INFO/MainProcess] Connected to amqp://guest:**@127.0.0.1:5672//
[2023-06-01 03:03:14,317: INFO/MainProcess] mingle: searching for neighbors
[2023-06-01 03:03:15,644: INFO/MainProcess] mingle: all alone
[2023-06-01 03:03:15,686: INFO/MainProcess] celery@Thunder-Drive ready.
[2023-06-01 03:03:21,779: INFO/MainProcess] Task flaskr.tasks.work_PPP_gen[e949f262-50f9-48e3-aea2-605bb30dcaf7] received
[2023-06-01 03:03:21,788: INFO/ForkPoolWorker-6] Fetching the PPP data from World Bank API: Started
[2023-06-01 03:03:21,789: INFO/ForkPoolWorker-6] Started Requesting the data from World Bank API Endpoint
[2023-06-01 03:03:24,333: INFO/ForkPoolWorker-6] Data fetched successfully from World Bank API
[2023-06-01 03:03:24,364: INFO/ForkPoolWorker-6] Data parsed and filtered into a DataFrame
[2023-06-01 03:03:24,370: DEBUG/ForkPoolWorker-6] Top 10 data from the fetched PPP data = 
 index             Country  Date      Value
   197         Afghanistan  2021  18.456537
   201             Albania  2021  42.501873
   205             Algeria  2021  41.100028
   217              Angola  2021 204.060575
   221 Antigua and Barbuda  2021   2.028070
   225           Argentina  2021  42.720786
   229             Armenia  2021 160.460639
   233               Aruba  2021   1.230079
   236           Australia  2022   1.446332
   240             Austria  2022   0.718930
[2023-06-01 03:03:24,370: INFO/ForkPoolWorker-6] PPP data fetched, parsed and saved in data directory
[2023-06-01 03:03:24,372: INFO/ForkPoolWorker-6] Task flaskr.tasks.work_PPP_gen[e949f262-50f9-48e3-aea2-605bb30dcaf7] succeeded in 2.5908530029992107s: None
[2023-06-01 15:46:51,005: INFO/MainProcess] Connected to amqp://guest:**@127.0.0.1:5672//
[2023-06-01 15:46:51,008: INFO/MainProcess] mingle: searching for neighbors
[2023-06-01 15:46:52,165: INFO/MainProcess] mingle: all alone
[2023-06-01 15:46:52,175: INFO/MainProcess] celery@Thunder-Drive ready.
[2023-06-01 15:47:48,555: INFO/MainProcess] Task flaskr.tasks.work_PPP_gen[8a34bf26-358d-437a-8132-6c906e1aee31] received
[2023-06-01 15:47:48,562: INFO/ForkPoolWorker-6] Fetching the PPP data from World Bank API: Started
[2023-06-01 15:47:48,562: INFO/ForkPoolWorker-6] Started Requesting the data from World Bank API Endpoint
[2023-06-01 15:47:49,717: INFO/ForkPoolWorker-6] Started Requesting the data from World Bank API Endpoint
[2023-06-01 15:47:50,725: INFO/ForkPoolWorker-6] Started Requesting the data from World Bank API Endpoint
[2023-06-01 15:47:51,732: INFO/ForkPoolWorker-6] Started Requesting the data from World Bank API Endpoint
[2023-06-01 15:47:52,739: INFO/ForkPoolWorker-6] Started Requesting the data from World Bank API Endpoint
[2023-06-01 15:47:52,746: ERROR/ForkPoolWorker-6] HTTPSConnectionPool(host='api.worldbank.org', port=443): Max retries exceeded with url: /v2/country/all/indicator/PA.NUS.PPP?format=json&per_page=10000&date=2019%3A2022 (Caused by NameResolutionError("<urllib3.connection.HTTPSConnection object at 0x7f01154720a0>: Failed to resolve 'api.worldbank.org' ([Errno -3] Temporary failure in name resolution)"))
[2023-06-01 15:47:52,748: INFO/ForkPoolWorker-6] Task flaskr.tasks.work_PPP_gen[8a34bf26-358d-437a-8132-6c906e1aee31] succeeded in 4.192036875999975s: None
[2023-06-01 15:51:38,080: INFO/MainProcess] Task flaskr.tasks.work_PPP_gen[e05c1612-3348-4233-880f-14f5e130d5c8] received
[2023-06-01 15:51:38,081: INFO/ForkPoolWorker-6] Fetching the PPP data from World Bank API: Started
[2023-06-01 15:51:38,081: INFO/ForkPoolWorker-6] Started Requesting the data from World Bank API Endpoint
[2023-06-01 15:51:40,614: INFO/ForkPoolWorker-6] Data fetched successfully from World Bank API
[2023-06-01 15:51:40,860: INFO/ForkPoolWorker-6] Data parsed and filtered into a DataFrame
[2023-06-01 15:51:40,868: DEBUG/ForkPoolWorker-6] Top 10 data from the fetched PPP data = 
 index             Country  Date      Value
   197         Afghanistan  2021  18.456537
   201             Albania  2021  42.501873
   205             Algeria  2021  41.100028
   217              Angola  2021 204.060575
   221 Antigua and Barbuda  2021   2.028070
   225           Argentina  2021  42.720786
   229             Armenia  2021 160.460639
   233               Aruba  2021   1.230079
   236           Australia  2022   1.446332
   240             Austria  2022   0.718930
[2023-06-01 15:51:40,868: INFO/ForkPoolWorker-6] PPP data fetched, parsed and saved in data directory
[2023-06-01 15:51:40,869: INFO/ForkPoolWorker-6] Task flaskr.tasks.work_PPP_gen[e05c1612-3348-4233-880f-14f5e130d5c8] succeeded in 2.7879947680000896s: None